<?xml version="1.0" encoding="UTF-8"?>
<testng-results skipped="0" failed="0" total="1" passed="1">
  <reporter-output>
  </reporter-output>
  <suite name="Default suite" duration-ms="3804" started-at="2018-06-28T12:29:12Z" finished-at="2018-06-28T12:29:16Z">
    <groups>
    </groups>
    <test name="Default test" duration-ms="3804" started-at="2018-06-28T12:29:12Z" finished-at="2018-06-28T12:29:16Z">
      <class name="com.qa.tests.GetAPITest">
        <test-method status="PASS" signature="setup()[pri:0, instance:com.qa.tests.GetAPITest@39aeed2f]" name="setup" is-config="true" duration-ms="26" started-at="2018-06-28T17:59:13Z" finished-at="2018-06-28T17:59:13Z">
          <reporter-output>
          </reporter-output>
        </test-method> <!-- setup -->
        <test-method status="PASS" signature="getAPITest()[pri:0, instance:com.qa.tests.GetAPITest@39aeed2f]" name="getAPITest" duration-ms="3702" started-at="2018-06-28T17:59:13Z" finished-at="2018-06-28T17:59:16Z">
          <reporter-output>
          </reporter-output>
        </test-method> <!-- getAPITest -->
      </class> <!-- com.qa.tests.GetAPITest -->
    </test> <!-- Default test -->
  </suite> <!-- Default suite -->
</testng-results>
