<?xml version="1.0" encoding="UTF-8"?>
<testng-results skipped="0" failed="0" total="2" passed="2">
  <reporter-output>
  </reporter-output>
  <suite name="Default suite" duration-ms="3530" started-at="2018-06-29T10:56:18Z" finished-at="2018-06-29T10:56:21Z">
    <groups>
    </groups>
    <test name="Default test" duration-ms="3530" started-at="2018-06-29T10:56:18Z" finished-at="2018-06-29T10:56:21Z">
      <class name="com.qa.tests.GetAPITest">
        <test-method status="PASS" signature="setup()[pri:0, instance:com.qa.tests.GetAPITest@39aeed2f]" name="setup" is-config="true" duration-ms="29" started-at="2018-06-29T16:26:18Z" finished-at="2018-06-29T16:26:18Z">
          <reporter-output>
          </reporter-output>
        </test-method> <!-- setup -->
        <test-method status="PASS" signature="getAPITestwithoutHeader()[pri:1, instance:com.qa.tests.GetAPITest@39aeed2f]" name="getAPITestwithoutHeader" duration-ms="2738" started-at="2018-06-29T16:26:18Z" finished-at="2018-06-29T16:26:21Z">
          <reporter-output>
          </reporter-output>
        </test-method> <!-- getAPITestwithoutHeader -->
        <test-method status="PASS" signature="setup()[pri:0, instance:com.qa.tests.GetAPITest@39aeed2f]" name="setup" is-config="true" duration-ms="2" started-at="2018-06-29T16:26:21Z" finished-at="2018-06-29T16:26:21Z">
          <reporter-output>
          </reporter-output>
        </test-method> <!-- setup -->
        <test-method status="PASS" signature="getAPITestwithHeader()[pri:2, instance:com.qa.tests.GetAPITest@39aeed2f]" name="getAPITestwithHeader" duration-ms="637" started-at="2018-06-29T16:26:21Z" finished-at="2018-06-29T16:26:21Z">
          <reporter-output>
          </reporter-output>
        </test-method> <!-- getAPITestwithHeader -->
      </class> <!-- com.qa.tests.GetAPITest -->
    </test> <!-- Default test -->
  </suite> <!-- Default suite -->
</testng-results>
